19:59:11.395 INFO - Launching a standalone Selenium Server
19:59:11.450 INFO - Java: Oracle Corporation 25.121-b13
19:59:11.450 INFO - OS: Linux 4.4.0-66-generic amd64
19:59:11.465 INFO - v2.53.0, with Core v2.53.0. Built from revision 35ae25b
19:59:11.574 INFO - Driver provider org.openqa.selenium.ie.InternetExplorerDriver registration is skipped:
registration capabilities Capabilities [{ensureCleanSession=true, browserName=internet explorer, version=, platform=WINDOWS}] does not match the current platform LINUX
19:59:11.574 INFO - Driver provider org.openqa.selenium.edge.EdgeDriver registration is skipped:
registration capabilities Capabilities [{browserName=MicrosoftEdge, version=, platform=WINDOWS}] does not match the current platform LINUX
19:59:11.575 INFO - Driver class not found: com.opera.core.systems.OperaDriver
19:59:11.575 INFO - Driver provider com.opera.core.systems.OperaDriver is not registered
19:59:11.577 INFO - Driver provider org.openqa.selenium.safari.SafariDriver registration is skipped:
registration capabilities Capabilities [{browserName=safari, version=, platform=MAC}] does not match the current platform LINUX
19:59:11.578 INFO - Driver class not found: org.openqa.selenium.htmlunit.HtmlUnitDriver
19:59:11.579 INFO - Driver provider org.openqa.selenium.htmlunit.HtmlUnitDriver is not registered
19:59:11.683 INFO - RemoteWebDriver instances should connect to: http://127.0.0.1:4444/wd/hub
19:59:11.683 INFO - Selenium Server is up and running
19:59:12.137 INFO - Executing: [new session: Capabilities [{acceptSslCerts=true, name=Functional / Login, browserName=chrome, javascriptEnabled=true, chromeOptions={args=[Mozilla/5.0 (iPhone; CPU iPhone OS 5_0 like Mac OS X) AppleWebKit/534.46
            (KHTML, like Gecko) Version/5.1 Mobile/9A334 Safari/7534.48.3, --window-size=640,1136]}, platform=ANY}]])
19:59:12.137 INFO - Executing: [new session: Capabilities [{acceptSslCerts=true, name=Functional / Homepage, browserName=chrome, javascriptEnabled=true, chromeOptions={args=[Mozilla/5.0 (iPhone; CPU iPhone OS 5_0 like Mac OS X) AppleWebKit/534.46
            (KHTML, like Gecko) Version/5.1 Mobile/9A334 Safari/7534.48.3, --window-size=640,1136]}, platform=ANY}]])
19:59:12.151 INFO - Creating a new session for Capabilities [{acceptSslCerts=true, name=Functional / Homepage, browserName=chrome, javascriptEnabled=true, chromeOptions={args=[Mozilla/5.0 (iPhone; CPU iPhone OS 5_0 like Mac OS X) AppleWebKit/534.46
            (KHTML, like Gecko) Version/5.1 Mobile/9A334 Safari/7534.48.3, --window-size=640,1136]}, platform=ANY}]
19:59:12.152 INFO - Creating a new session for Capabilities [{acceptSslCerts=true, name=Functional / Login, browserName=chrome, javascriptEnabled=true, chromeOptions={args=[Mozilla/5.0 (iPhone; CPU iPhone OS 5_0 like Mac OS X) AppleWebKit/534.46
            (KHTML, like Gecko) Version/5.1 Mobile/9A334 Safari/7534.48.3, --window-size=640,1136]}, platform=ANY}]
Starting ChromeDriver 2.28.455506 (18f6627e265f442aeec9b6661a49fe819aeeea1f) on port 17470
Only local connections are allowed.
Starting ChromeDriver 2.28.455506 (18f6627e265f442aeec9b6661a49fe819aeeea1f) on port 9402
Only local connections are allowed.
19:59:13.285 INFO - Done: [new session: Capabilities [{acceptSslCerts=true, name=Functional / Homepage, browserName=chrome, javascriptEnabled=true, chromeOptions={args=[Mozilla/5.0 (iPhone; CPU iPhone OS 5_0 like Mac OS X) AppleWebKit/534.46
            (KHTML, like Gecko) Version/5.1 Mobile/9A334 Safari/7534.48.3, --window-size=640,1136]}, platform=ANY}]]
19:59:13.295 INFO - Done: [new session: Capabilities [{acceptSslCerts=true, name=Functional / Login, browserName=chrome, javascriptEnabled=true, chromeOptions={args=[Mozilla/5.0 (iPhone; CPU iPhone OS 5_0 like Mac OS X) AppleWebKit/534.46
            (KHTML, like Gecko) Version/5.1 Mobile/9A334 Safari/7534.48.3, --window-size=640,1136]}, platform=ANY}]]
19:59:13.319 INFO - Executing: [get: http://automationpractice.com/index.php])
19:59:13.325 INFO - Executing: [get: http://automationpractice.com/index.php])
19:59:17.241 INFO - Done: [get: http://automationpractice.com/index.php]
19:59:17.251 INFO - Executing: [find elements: By.cssSelector: body])
19:59:17.316 INFO - Done: [find elements: By.cssSelector: body]
19:59:17.324 INFO - Executing: [is displayed: 0 [[ChromeDriver: chrome on LINUX (ea3cd142c43b0fce855aa17232959647)] -> css selector: body]])
19:59:17.369 INFO - Done: [is displayed: 0 [[ChromeDriver: chrome on LINUX (ea3cd142c43b0fce855aa17232959647)] -> css selector: body]]
19:59:17.378 INFO - Executing: [get title])
19:59:17.385 INFO - Done: [get title]
19:59:17.391 INFO - Done: [get: http://automationpractice.com/index.php]
19:59:17.391 INFO - Executing: [delete session: 83fa352e-8cf5-444e-bd4f-d377312030f8])
19:59:17.401 INFO - Executing: [find elements: By.cssSelector: body])
19:59:17.467 INFO - Done: [delete session: 83fa352e-8cf5-444e-bd4f-d377312030f8]
19:59:17.482 INFO - Done: [find elements: By.cssSelector: body]
19:59:17.487 INFO - Executing: [is displayed: 0 [[ChromeDriver: chrome on LINUX (05788f601da04809837605a736c08373)] -> css selector: body]])
19:59:17.536 INFO - Done: [is displayed: 0 [[ChromeDriver: chrome on LINUX (05788f601da04809837605a736c08373)] -> css selector: body]]
19:59:17.544 INFO - Executing: [find element: By.cssSelector: .login])
19:59:17.592 INFO - Done: [find element: By.cssSelector: .login]
19:59:17.597 INFO - Executing: [click: 1 [[ChromeDriver: chrome on LINUX (05788f601da04809837605a736c08373)] -> css selector: .login]])
19:59:19.802 INFO - Done: [click: 1 [[ChromeDriver: chrome on LINUX (05788f601da04809837605a736c08373)] -> css selector: .login]]
19:59:19.808 INFO - Executing: [find element: By.cssSelector: #email])
19:59:19.852 INFO - Done: [find element: By.cssSelector: #email]
19:59:19.872 INFO - Executing: [send keys: 2 [[ChromeDriver: chrome on LINUX (05788f601da04809837605a736c08373)] -> css selector: #email], [t, e, s, t, e, r, 1, 0, 0, @, t, e, s, t, ., c, o, m]])
19:59:20.006 INFO - Done: [send keys: 2 [[ChromeDriver: chrome on LINUX (05788f601da04809837605a736c08373)] -> css selector: #email], [t, e, s, t, e, r, 1, 0, 0, @, t, e, s, t, ., c, o, m]]
19:59:20.012 INFO - Executing: [find element: By.cssSelector: #passwd])
19:59:20.079 INFO - Done: [find element: By.cssSelector: #passwd]
19:59:20.086 INFO - Executing: [send keys: 3 [[ChromeDriver: chrome on LINUX (05788f601da04809837605a736c08373)] -> css selector: #passwd], [t, e, s, t, 1, 2, 3]])
19:59:20.247 INFO - Done: [send keys: 3 [[ChromeDriver: chrome on LINUX (05788f601da04809837605a736c08373)] -> css selector: #passwd], [t, e, s, t, 1, 2, 3]]
19:59:20.254 INFO - Executing: [find element: By.cssSelector: #SubmitLogin])
19:59:20.312 INFO - Done: [find element: By.cssSelector: #SubmitLogin]
19:59:20.316 INFO - Executing: [click: 4 [[ChromeDriver: chrome on LINUX (05788f601da04809837605a736c08373)] -> css selector: #SubmitLogin]])
19:59:20.409 INFO - Done: [click: 4 [[ChromeDriver: chrome on LINUX (05788f601da04809837605a736c08373)] -> css selector: #SubmitLogin]]
19:59:20.421 INFO - Executing: [find elements: By.cssSelector: body])
19:59:21.635 INFO - Done: [find elements: By.cssSelector: body]
19:59:21.642 INFO - Executing: [is displayed: 5 [[ChromeDriver: chrome on LINUX (05788f601da04809837605a736c08373)] -> css selector: body]])
19:59:21.689 INFO - Done: [is displayed: 5 [[ChromeDriver: chrome on LINUX (05788f601da04809837605a736c08373)] -> css selector: body]]
19:59:21.697 INFO - Executing: [find element: By.cssSelector: .logout])
19:59:21.746 INFO - Done: [find element: By.cssSelector: .logout]
19:59:21.753 INFO - Executing: [click: 6 [[ChromeDriver: chrome on LINUX (05788f601da04809837605a736c08373)] -> css selector: .logout]])
19:59:23.449 INFO - Done: [click: 6 [[ChromeDriver: chrome on LINUX (05788f601da04809837605a736c08373)] -> css selector: .logout]]
19:59:23.454 INFO - Executing: [delete session: adb17b7d-ffcb-426c-b135-22aeb4a84d8a])
19:59:23.531 INFO - Done: [delete session: adb17b7d-ffcb-426c-b135-22aeb4a84d8a]
